Turbo_Dash/Library/Bee/Android/Prj/Mono2x/Gradle/launcher/build/intermediates/manifest_merge_blame_file/release/manifest-merger-blame-release-report.txt
1<?xml version="1.0" encoding="utf-8"?>
2<manifest xmlns:android="http://schemas.android.com/apk/res/android"
3    package="com.DefaultCompany.Turbo_Dash"
4    android:installLocation="preferExternal"
5    android:versionCode="1"
6    android:versionName="1.0.2" >
7
8    <uses-sdk
9        android:minSdkVersion="22"
9-->src\main\AndroidManifest.xml
10        android:targetSdkVersion="32" />
10-->src\main\AndroidManifest.xml
11
12    <supports-screens
12-->src\main\AndroidManifest.xml:4:3-163
13        android:anyDensity="true"
13-->src\main\AndroidManifest.xml:4:135-160
14        android:largeScreens="true"
14-->src\main\AndroidManifest.xml:4:78-105
15        android:normalScreens="true"
15-->src\main\AndroidManifest.xml:4:49-77
16        android:smallScreens="true"
16-->src\main\AndroidManifest.xml:4:21-48
17        android:xlargeScreens="true" />
17-->src\main\AndroidManifest.xml:4:106-134
18
19    <uses-feature android:glEsVersion="0x00030000" />
19-->[:unityLibrary] AndroidManifest.xml:10:5-54
19-->[:unityLibrary] AndroidManifest.xml:10:19-51
20    <uses-feature
20-->[:unityLibrary] AndroidManifest.xml:11:5-13:36
21        android:name="android.hardware.vulkan.version"
21-->[:unityLibrary] AndroidManifest.xml:12:9-55
22        android:required="false" />
22-->[:unityLibrary] AndroidManifest.xml:13:9-33
23    <uses-feature
23-->[:unityLibrary] AndroidManifest.xml:14:5-16:36
24        android:name="android.hardware.touchscreen"
24-->[:unityLibrary] AndroidManifest.xml:15:9-52
25        android:required="false" />
25-->[:unityLibrary] AndroidManifest.xml:16:9-33
26    <uses-feature
26-->[:unityLibrary] AndroidManifest.xml:17:5-19:36
27        android:name="android.hardware.touchscreen.multitouch"
27-->[:unityLibrary] AndroidManifest.xml:18:9-63
28        android:required="false" />
28-->[:unityLibrary] AndroidManifest.xml:19:9-33
29    <uses-feature
29-->[:unityLibrary] AndroidManifest.xml:20:5-22:36
30        android:name="android.hardware.touchscreen.multitouch.distinct"
30-->[:unityLibrary] AndroidManifest.xml:21:9-72
31        android:required="false" />
31-->[:unityLibrary] AndroidManifest.xml:22:9-33
32
33    <uses-permission android:name="android.permission.POST_NOTIFICATIONS" />
33-->[:unityLibrary] AndroidManifest.xml:24:5-77
33-->[:unityLibrary] AndroidManifest.xml:24:22-74
34
35    <application
35-->src\main\AndroidManifest.xml:3:3-83
36        android:extractNativeLibs="true"
36-->[:unityLibrary] AndroidManifest.xml:26:18-50
37        android:icon="@mipmap/app_icon"
37-->src\main\AndroidManifest.xml:3:49-80
38        android:label="@string/app_name" >
38-->src\main\AndroidManifest.xml:3:16-48
39        <meta-data
39-->[:unityLibrary] AndroidManifest.xml:27:9-29:33
40            android:name="unity.splash-mode"
40-->[:unityLibrary] AndroidManifest.xml:28:13-45
41            android:value="0" />
41-->[:unityLibrary] AndroidManifest.xml:29:13-30
42        <meta-data
42-->[:unityLibrary] AndroidManifest.xml:30:9-32:36
43            android:name="unity.splash-enable"
43-->[:unityLibrary] AndroidManifest.xml:31:13-47
44            android:value="True" />
44-->[:unityLibrary] AndroidManifest.xml:32:13-33
45        <meta-data
45-->[:unityLibrary] AndroidManifest.xml:33:9-35:36
46            android:name="unity.launch-fullscreen"
46-->[:unityLibrary] AndroidManifest.xml:34:13-51
47            android:value="True" />
47-->[:unityLibrary] AndroidManifest.xml:35:13-33
48        <meta-data
48-->[:unityLibrary] AndroidManifest.xml:36:9-38:36
49            android:name="unity.allow-resizable-window"
49-->[:unityLibrary] AndroidManifest.xml:37:13-56
50            android:value="True" />
50-->[:unityLibrary] AndroidManifest.xml:38:13-33
51        <meta-data
51-->[:unityLibrary] AndroidManifest.xml:39:9-41:50
52            android:name="notch.config"
52-->[:unityLibrary] AndroidManifest.xml:40:13-40
53            android:value="portrait|landscape" />
53-->[:unityLibrary] AndroidManifest.xml:41:13-47
54        <meta-data
54-->[:unityLibrary] AndroidManifest.xml:42:9-44:36
55            android:name="unity.auto-report-fully-drawn"
55-->[:unityLibrary] AndroidManifest.xml:43:13-57
56            android:value="true" />
56-->[:unityLibrary] AndroidManifest.xml:44:13-33
57
58        <activity
58-->[:unityLibrary] AndroidManifest.xml:46:9-73:20
59            android:name="com.unity3d.player.UnityPlayerActivity"
59-->[:unityLibrary] AndroidManifest.xml:47:13-66
60            android:configChanges="mcc|mnc|locale|touchscreen|keyboard|keyboardHidden|navigation|orientation|screenLayout|uiMode|screenSize|smallestScreenSize|fontScale|layoutDirection|density"
60-->[:unityLibrary] AndroidManifest.xml:48:13-194
61            android:exported="true"
61-->[:unityLibrary] AndroidManifest.xml:49:13-36
62            android:hardwareAccelerated="false"
62-->[:unityLibrary] AndroidManifest.xml:50:13-48
63            android:launchMode="singleTask"
63-->[:unityLibrary] AndroidManifest.xml:51:13-44
64            android:resizeableActivity="true"
64-->[:unityLibrary] AndroidManifest.xml:52:13-46
65            android:screenOrientation="userLandscape"
65-->[:unityLibrary] AndroidManifest.xml:53:13-54
66            android:theme="@style/UnityThemeSelector" >
66-->[:unityLibrary] AndroidManifest.xml:54:13-54
67            <intent-filter>
67-->[:unityLibrary] AndroidManifest.xml:55:13-59:29
68                <category android:name="android.intent.category.LAUNCHER" />
68-->[:unityLibrary] AndroidManifest.xml:56:17-77
68-->[:unityLibrary] AndroidManifest.xml:56:27-74
69
70                <action android:name="android.intent.action.MAIN" />
70-->[:unityLibrary] AndroidManifest.xml:58:17-69
70-->[:unityLibrary] AndroidManifest.xml:58:25-66
71            </intent-filter>
72
73            <meta-data
73-->[:unityLibrary] AndroidManifest.xml:61:13-63:40
74                android:name="unityplayer.UnityActivity"
74-->[:unityLibrary] AndroidManifest.xml:62:17-57
75                android:value="true" />
75-->[:unityLibrary] AndroidManifest.xml:63:17-37
76            <meta-data
76-->[:unityLibrary] AndroidManifest.xml:64:13-66:71
77                android:name="WindowManagerPreference:FreeformWindowSize"
77-->[:unityLibrary] AndroidManifest.xml:65:17-74
78                android:value="@string/FreeformWindowSize_maximize" />
78-->[:unityLibrary] AndroidManifest.xml:66:17-68
79            <meta-data
79-->[:unityLibrary] AndroidManifest.xml:67:13-69:79
80                android:name="WindowManagerPreference:FreeformWindowOrientation"
80-->[:unityLibrary] AndroidManifest.xml:68:17-81
81                android:value="@string/FreeformWindowOrientation_landscape" />
81-->[:unityLibrary] AndroidManifest.xml:69:17-76
82            <meta-data
82-->[:unityLibrary] AndroidManifest.xml:70:13-72:40
83                android:name="notch_support"
83-->[:unityLibrary] AndroidManifest.xml:71:17-45
84                android:value="true" />
84-->[:unityLibrary] AndroidManifest.xml:72:17-37
85        </activity>
86
87        <receiver
87-->[:unityLibrary] AndroidManifest.xml:75:9-77:40
88            android:name="com.unity.androidnotifications.UnityNotificationManager"
88-->[:unityLibrary] AndroidManifest.xml:76:13-83
89            android:exported="false" />
89-->[:unityLibrary] AndroidManifest.xml:77:13-37
90        <receiver
90-->[:unityLibrary] AndroidManifest.xml:78:9-85:20
91            android:name="com.unity.androidnotifications.UnityNotificationRestartOnBootReceiver"
91-->[:unityLibrary] AndroidManifest.xml:79:13-97
92            android:enabled="false"
92-->[:unityLibrary] AndroidManifest.xml:80:13-36
93            android:exported="false" >
93-->[:unityLibrary] AndroidManifest.xml:81:13-37
94            <intent-filter>
94-->[:unityLibrary] AndroidManifest.xml:82:13-84:29
95                <action android:name="android.intent.action.BOOT_COMPLETED" />
95-->[:unityLibrary] AndroidManifest.xml:83:17-79
95-->[:unityLibrary] AndroidManifest.xml:83:25-76
96            </intent-filter>
97        </receiver>
98
99        <meta-data
99-->[:unityLibrary] AndroidManifest.xml:87:9-89:33
100            android:name="com.unity.androidnotifications.exact_scheduling"
100-->[:unityLibrary] AndroidManifest.xml:88:13-75
101            android:value="0" />
101-->[:unityLibrary] AndroidManifest.xml:89:13-30
102    </application>
103
104</manifest>